<?xml version="1.0" encoding="UTF-8"?>
<!-- Generated by org.testng.reporters.JUnitReportReporter -->
<testsuite hostname="FLLAP0470s-MacBook-Air.local" failures="0" tests="7" name="Flexiloans.PositiveFlow" time="109.716" errors="0" timestamp="2024-04-23T10:53:21 IST" skipped="0">
  <testcase classname="Flexiloans.PositiveFlow" name="landingPage" time="6.789"/>
  <system-out/>
  <testcase classname="Flexiloans.PositiveFlow" name="form2" time="21.729"/>
  <system-out/>
  <testcase classname="Flexiloans.PositiveFlow" name="Dashboard" time="13.701"/>
  <system-out/>
  <testcase classname="Flexiloans.PositiveFlow" name="LoanAmountScreen" time="4.706"/>
  <system-out/>
  <testcase classname="Flexiloans.PositiveFlow" name="FormStep_1" time="24.231"/>
  <system-out/>
  <testcase classname="Flexiloans.PositiveFlow" name="FormStep_2" time="12.108"/>
  <system-out/>
  <testcase classname="Flexiloans.PositiveFlow" name="FormStep_3" time="26.452"/>
  <system-out/>
</testsuite> <!-- Flexiloans.PositiveFlow -->
