<?xml version="1.0" encoding="UTF-8"?>
<!-- Generated by org.testng.reporters.JUnitReportReporter -->
<testsuite hostname="FLLAP0470s-MacBook-Air.local" failures="0" tests="7" name="Flexiloans.PositiveFlow" time="106.961" errors="0" timestamp="2024-04-24T16:18:48 IST" skipped="0">
  <testcase classname="Flexiloans.PositiveFlow" name="landingPage" time="7.344"/>
  <system-out/>
  <testcase classname="Flexiloans.PositiveFlow" name="form2" time="22.525"/>
  <system-out/>
  <testcase classname="Flexiloans.PositiveFlow" name="Dashboard" time="13.927"/>
  <system-out/>
  <testcase classname="Flexiloans.PositiveFlow" name="LoanAmountScreen" time="4.278"/>
  <system-out/>
  <testcase classname="Flexiloans.PositiveFlow" name="FormStep_1" time="19.981"/>
  <system-out/>
  <testcase classname="Flexiloans.PositiveFlow" name="FormStep_2" time="13.404"/>
  <system-out/>
  <testcase classname="Flexiloans.PositiveFlow" name="FormStep_3" time="25.502"/>
  <system-out/>
</testsuite> <!-- Flexiloans.PositiveFlow -->
